mktextfm SimSun/OT
mktextfm SimSun/OT
mktextfm KaiTi/OT
mktextfm KaiTi/B/OT
mktextfm SimHei/OT
mktextfm SimHei/I/OT
mktextfm SimSun/OT
mktextfm SimSun/BI/OT
mktextfm SimSun/OT
mktextfm SimSun/OT
mktextfm SimHei/OT
mktextfm SimHei/OT
mktextfm KaiTi/OT
mktextfm KaiTi/OT
mktextfm SimHei
mktextfm SimHei
mktextfm SimHei
mktextfm SimHei/BI
mktextfm SimHei
mktextfm SimHei/B
mktextfm SimHei
mktextfm SimHei/I
mktextfm SimHei
mktextfm SimHei
mktextfm SimHei
mktextfm SimHei
mktextfm SimHei
mktextfm SimHei
mktextfm SimHei
mktextfm SimHei
mktextfm SimHei
mktextfm SimHei
mktextfm SimHei
mktextfm SimHei
mktextfm SimHei
mktextfm SimHei
mktextfm SimHei
mktextfm SimHei
mktextfm SimHei
mktextfm SimHei
mktextfm SimHei
mktextfm SimHei
mktextfm SimHei
mktextfm SimHei
mktextfm SimSun/OT
mktextfm SimSun/OT
mktextfm KaiTi/OT
mktextfm KaiTi/B/OT
mktextfm SimHei/OT
mktextfm SimHei/I/OT
mktextfm SimSun/OT
mktextfm SimSun/BI/OT
mktextfm SimSun/OT
mktextfm SimSun/OT
mktextfm SimHei/OT
mktextfm SimHei/OT
mktextfm KaiTi/OT
mktextfm KaiTi/OT
mktextfm SimHei
mktextfm SimHei
mktextfm SimHei
mktextfm SimHei/BI
mktextfm SimHei
mktextfm SimHei/B
mktextfm SimHei
mktextfm SimHei/I
mktextfm SimHei
mktextfm SimHei
mktextfm SimHei
mktextfm SimHei
mktextfm SimHei
mktextfm SimHei
mktextfm SimHei
mktextfm SimHei
mktextfm SimHei
mktextfm SimHei
mktextfm SimHei
mktextfm SimHei
mktextfm SimHei
mktextfm SimHei
mktextfm SimHei
mktextfm SimHei
mktextfm SimHei
mktextfm SimHei
mktextfm SimHei
mktextfm SimHei
mktextfm SimHei
mktextfm SimHei
